# JRE version: Java(TM) SE Runtime Environment (8.0_45-b15) (build 1.8.0_45-b15)
# Java VM: Java HotSpot(TM) 64-Bit Server VM (25.45-b02 mixed mode windows-amd64 compressed oops)
Heap:
 PSYoungGen      total 97792K, used 73675K [0x00000000f5580000, 0x00000000fd180000, 0x0000000100000000)
  eden space 72704K, 81% used [0x00000000f5580000,0x00000000f8f07810,0x00000000f9c80000)
  from space 25088K, 58% used [0x00000000fb900000,0x00000000fc76b768,0x00000000fd180000)
  to   space 27136K, 0% used [0x00000000f9c80000,0x00000000f9c80000,0x00000000fb700000)
 ParOldGen       total 95232K, used 53229K [0x00000000e0000000, 0x00000000e5d00000, 0x00000000f5580000)
  object space 95232K, 55% used [0x00000000e0000000,0x00000000e33fb408,0x00000000e5d00000)
 Metaspace       used 96494K, capacity 103828K, committed 104064K, reserved 1138688K
  class space    used 11785K, capacity 13901K, committed 13952K, reserved 1048576K
GC Heap History (10 events):
Event: 779.588 GC heap before
{Heap before GC invocations=42 (full 10):
 PSYoungGen      total 96768K, used 96583K [0x00000000f5580000, 0x00000000fdc80000, 0x0000000100000000)
  eden space 82944K, 100% used [0x00000000f5580000,0x00000000fa680000,0x00000000fa680000)
  from space 13824K, 98% used [0x00000000fa900000,0x00000000fb651cb8,0x00000000fb680000)
  to   space 27648K, 0% used [0x00000000fc180000,0x00000000fc180000,0x00000000fdc80000)
 ParOldGen       total 95232K, used 53169K [0x00000000e0000000, 0x00000000e5d00000, 0x00000000f5580000)
  object space 95232K, 55% used [0x00000000e0000000,0x00000000e33ec7b8,0x00000000e5d00000)
 Metaspace       used 94666K, capacity 101944K, committed 102144K, reserved 1138688K
  class space    used 11639K, capacity 13790K, committed 13824K, reserved 1048576K
Event: 779.597 GC heap after
Heap after GC invocations=42 (full 10):
 PSYoungGen      total 106496K, used 14006K [0x00000000f5580000, 0x00000000fda80000, 0x0000000100000000)
  eden space 80896K, 0% used [0x00000000f5580000,0x00000000f5580000,0x00000000fa480000)
  from space 25600K, 54% used [0x00000000fc180000,0x00000000fcf2dad0,0x00000000fda80000)
  to   space 27648K, 0% used [0x00000000fa480000,0x00000000fa480000,0x00000000fbf80000)
 ParOldGen       total 95232K, used 53197K [0x00000000e0000000, 0x00000000e5d00000, 0x00000000f5580000)
  object space 95232K, 55% used [0x00000000e0000000,0x00000000e33f3408,0x00000000e5d00000)
 Metaspace       used 94666K, capacity 101944K, committed 102144K, reserved 1138688K
  class space    used 11639K, capacity 13790K, committed 13824K, reserved 1048576K
}
Event: 844.326 GC heap before
{Heap before GC invocations=43 (full 10):
 PSYoungGen      total 106496K, used 94902K [0x00000000f5580000, 0x00000000fda80000, 0x0000000100000000)
  eden space 80896K, 100% used [0x00000000f5580000,0x00000000fa480000,0x00000000fa480000)
  from space 25600K, 54% used [0x00000000fc180000,0x00000000fcf2dad0,0x00000000fda80000)
  to   space 27648K, 0% used [0x00000000fa480000,0x00000000fa480000,0x00000000fbf80000)
 ParOldGen       total 95232K, used 53197K [0x00000000e0000000, 0x00000000e5d00000, 0x00000000f5580000)
  object space 95232K, 55% used [0x00000000e0000000,0x00000000e33f3408,0x00000000e5d00000)
 Metaspace       used 95180K, capacity 102562K, committed 102784K, reserved 1138688K
  class space    used 11678K, capacity 13827K, committed 13952K, reserved 1048576K
Event: 844.337 GC heap after
Heap after GC invocations=43 (full 10):
 PSYoungGen      total 93696K, used 14690K [0x00000000f5580000, 0x00000000fd880000, 0x0000000100000000)
  eden space 78848K, 0% used [0x00000000f5580000,0x00000000f5580000,0x00000000fa280000)
  from space 14848K, 98% used [0x00000000fa480000,0x00000000fb2d8940,0x00000000fb300000)
  to   space 27648K, 0% used [0x00000000fbd80000,0x00000000fbd80000,0x00000000fd880000)
 ParOldGen       total 95232K, used 53205K [0x00000000e0000000, 0x00000000e5d00000, 0x00000000f5580000)
  object space 95232K, 55% used [0x00000000e0000000,0x00000000e33f5408,0x00000000e5d00000)
 Metaspace       used 95180K, capacity 102562K, committed 102784K, reserved 1138688K
  class space    used 11678K, capacity 13827K, committed 13952K, reserved 1048576K
}
Event: 920.802 GC heap before
{Heap before GC invocations=44 (full 10):
 PSYoungGen      total 93696K, used 93538K [0x00000000f5580000, 0x00000000fd880000, 0x0000000100000000)
  eden space 78848K, 100% used [0x00000000f5580000,0x00000000fa280000,0x00000000fa280000)
  from space 14848K, 98% used [0x00000000fa480000,0x00000000fb2d8940,0x00000000fb300000)
  to   space 27648K, 0% used [0x00000000fbd80000,0x00000000fbd80000,0x00000000fd880000)
 ParOldGen       total 95232K, used 53205K [0x00000000e0000000, 0x00000000e5d00000, 0x00000000f5580000)
  object space 95232K, 55% used [0x00000000e0000000,0x00000000e33f5408,0x00000000e5d00000)
 Metaspace       used 95457K, capacity 102806K, committed 103040K, reserved 1138688K
  class space    used 11705K, capacity 13863K, committed 13952K, reserved 1048576K
Event: 920.814 GC heap after
Heap after GC invocations=44 (full 10):
 PSYoungGen      total 102400K, used 14894K [0x00000000f5580000, 0x00000000fd680000, 0x0000000100000000)
  eden space 76800K, 0% used [0x00000000f5580000,0x00000000f5580000,0x00000000fa080000)
  from space 25600K, 58% used [0x00000000fbd80000,0x00000000fcc0b900,0x00000000fd680000)
  to   space 27648K, 0% used [0x00000000fa080000,0x00000000fa080000,0x00000000fbb80000)
 ParOldGen       total 95232K, used 53213K [0x00000000e0000000, 0x00000000e5d00000, 0x00000000f5580000)
  object space 95232K, 55% used [0x00000000e0000000,0x00000000e33f7408,0x00000000e5d00000)
 Metaspace       used 95457K, capacity 102806K, committed 103040K, reserved 1138688K
  class space    used 11705K, capacity 13863K, committed 13952K, reserved 1048576K
}
Event: 1047.581 GC heap before
{Heap before GC invocations=45 (full 10):
 PSYoungGen      total 102400K, used 91694K [0x00000000f5580000, 0x00000000fd680000, 0x0000000100000000)
  eden space 76800K, 100% used [0x00000000f5580000,0x00000000fa080000,0x00000000fa080000)
  from space 25600K, 58% used [0x00000000fbd80000,0x00000000fcc0b900,0x00000000fd680000)
  to   space 27648K, 0% used [0x00000000fa080000,0x00000000fa080000,0x00000000fbb80000)
 ParOldGen       total 95232K, used 53213K [0x00000000e0000000, 0x00000000e5d00000, 0x00000000f5580000)
  object space 95232K, 55% used [0x00000000e0000000,0x00000000e33f7408,0x00000000e5d00000)
 Metaspace       used 95636K, capacity 102934K, committed 103040K, reserved 1138688K
  class space    used 11710K, capacity 13863K, committed 13952K, reserved 1048576K
Event: 1047.591 GC heap after
Heap after GC invocations=45 (full 10):
 PSYoungGen      total 89088K, used 14126K [0x00000000f5580000, 0x00000000fd380000, 0x0000000100000000)
  eden space 74752K, 0% used [0x00000000f5580000,0x00000000f5580000,0x00000000f9e80000)
  from space 14336K, 98% used [0x00000000fa080000,0x00000000fae4b900,0x00000000fae80000)
  to   space 27136K, 0% used [0x00000000fb900000,0x00000000fb900000,0x00000000fd380000)
 ParOldGen       total 95232K, used 53221K [0x00000000e0000000, 0x00000000e5d00000, 0x00000000f5580000)
  object space 95232K, 55% used [0x00000000e0000000,0x00000000e33f9408,0x00000000e5d00000)
 Metaspace       used 95636K, capacity 102934K, committed 103040K, reserved 1138688K
  class space    used 11710K, capacity 13863K, committed 13952K, reserved 1048576K
}
Event: 1141.935 GC heap before
{Heap before GC invocations=46 (full 10):
 PSYoungGen      total 89088K, used 88878K [0x00000000f5580000, 0x00000000fd380000, 0x0000000100000000)
  eden space 74752K, 100% used [0x00000000f5580000,0x00000000f9e80000,0x00000000f9e80000)
  from space 14336K, 98% used [0x00000000fa080000,0x00000000fae4b900,0x00000000fae80000)
  to   space 27136K, 0% used [0x00000000fb900000,0x00000000fb900000,0x00000000fd380000)
 ParOldGen       total 95232K, used 53221K [0x00000000e0000000, 0x00000000e5d00000, 0x00000000f5580000)
  object space 95232K, 55% used [0x00000000e0000000,0x00000000e33f9408,0x00000000e5d00000)
 Metaspace       used 95804K, capacity 103080K, committed 103296K, reserved 1138688K
  class space    used 11713K, capacity 13866K, committed 13952K, reserved 1048576K
Event: 1141.948 GC heap after
Heap after GC invocations=46 (full 10):
 PSYoungGen      total 97792K, used 14765K [0x00000000f5580000, 0x00000000fd180000, 0x0000000100000000)
  eden space 72704K, 0% used [0x00000000f5580000,0x00000000f5580000,0x00000000f9c80000)
  from space 25088K, 58% used [0x00000000fb900000,0x00000000fc76b768,0x00000000fd180000)
  to   space 27136K, 0% used [0x00000000f9c80000,0x00000000f9c80000,0x00000000fb700000)
 ParOldGen       total 95232K, used 53229K [0x00000000e0000000, 0x00000000e5d00000, 0x00000000f5580000)
  object space 95232K, 55% used [0x00000000e0000000,0x00000000e33fb408,0x00000000e5d00000)
 Metaspace       used 95804K, capacity 103080K, committed 103296K, reserved 1138688K
  class space    used 11713K, capacity 13866K, committed 13952K, reserved 1048576K
}

